<?xml version="1.0" encoding="UTF-8"?>
<testsuite xmlns:xsi="http://www.w3.org/2001/XMLSchema-instance" xsi:noNamespaceSchemaLocation="https://maven.apache.org/surefire/maven-surefire-plugin/xsd/surefire-test-report-3.0.xsd" version="3.0" name="ch.std.doc.converter.DocConverterTest" time="1.806" tests="4" errors="0" skipped="0" failures="0">
  <properties>
[...]
</properties>
  <testcase name="testConvertDocxToPdf(Path)" classname="ch.std.doc.converter.DocConverterTest" time="1.205">
    <system-out><![CDATA[Konvertiere /tmp/junit12528524642978972527/test.docx zu PDF...
]]></system-out>
    <system-err><![CDATA[ERROR StatusLogger Log4j2 could not find a logging implementation. Please add log4j-core to the classpath. Using SimpleLogger to log to the console...
SLF4J: Failed to load class "org.slf4j.impl.StaticLoggerBinder".
SLF4J: Defaulting to no-operation (NOP) logger implementation
SLF4J: See http://www.slf4j.org/codes.html#StaticLoggerBinder for further details.
]]></system-err>
  </testcase>
  <testcase name="testDocConverterExists" classname="ch.std.doc.converter.DocConverterTest" time="0.004"/>
  <testcase name="testConvertComplexDocxToPdf(Path)" classname="ch.std.doc.converter.DocConverterTest" time="0.539">
    <system-out><![CDATA[Konvertiere /tmp/junit4255903331703049718/complex_test.docx zu PDF...
]]></system-out>
  </testcase>
  <testcase name="testConvertDocumentLegacy" classname="ch.std.doc.converter.DocConverterTest" time="0.007">
    <system-out><![CDATA[Konvertiere test.docx zu PDF
Konvertiere test.docx zu PDF...
]]></system-out>
    <system-err><![CDATA[Konvertierung fehlgeschlagen: test.docx (No such file or directory)
]]></system-err>
  </testcase>
</testsuite>